<?xml version="1.0" encoding="UTF-8"?>
<testng-results ignored="0" total="3" passed="3" failed="0" skipped="0">
  <reporter-output>
  </reporter-output>
  <suite started-at="2022-10-28T01:18:15 WEST" name="Default suite" finished-at="2022-10-28T01:18:15 WEST" duration-ms="47">
    <groups>
    </groups>
    <test started-at="2022-10-28T01:18:15 WEST" name="Default test" finished-at="2022-10-28T01:18:15 WEST" duration-ms="47">
      <class name="com.solera.training.test.testAccountRepo">
        <test-method is-config="true" signature="setupTest()[pri:0, instance:com.solera.training.test.testAccountRepo@31c88ec8]" started-at="2022-10-28T01:18:15 WEST" name="setupTest" finished-at="2022-10-28T01:18:15 WEST" duration-ms="4" status="PASS">
          <reporter-output>
          </reporter-output>
        </test-method> <!-- setupTest -->
        <test-method signature="checkList()[pri:0, instance:com.solera.training.test.testAccountRepo@31c88ec8]" started-at="2022-10-28T01:18:15 WEST" name="checkList" finished-at="2022-10-28T01:18:15 WEST" duration-ms="14" status="PASS">
          <reporter-output>
          </reporter-output>
        </test-method> <!-- checkList -->
        <test-method signature="testGetAcc_ID()[pri:0, instance:com.solera.training.test.testAccountRepo@31c88ec8]" started-at="2022-10-28T01:18:15 WEST" name="testGetAcc_ID" finished-at="2022-10-28T01:18:15 WEST" duration-ms="0" status="PASS">
          <reporter-output>
          </reporter-output>
        </test-method> <!-- testGetAcc_ID -->
        <test-method is-config="true" signature="setupTest()[pri:0, instance:com.solera.training.test.testAccountRepo@31c88ec8]" started-at="2022-10-28T01:18:15 WEST" name="setupTest" finished-at="2022-10-28T01:18:15 WEST" duration-ms="0" status="PASS">
          <reporter-output>
          </reporter-output>
        </test-method> <!-- setupTest -->
        <test-method is-config="true" signature="setupTest()[pri:0, instance:com.solera.training.test.testAccountRepo@31c88ec8]" started-at="2022-10-28T01:18:15 WEST" name="setupTest" finished-at="2022-10-28T01:18:15 WEST" duration-ms="0" status="PASS">
          <reporter-output>
          </reporter-output>
        </test-method> <!-- setupTest -->
        <test-method signature="testGetAcc_Username()[pri:0, instance:com.solera.training.test.testAccountRepo@31c88ec8]" started-at="2022-10-28T01:18:15 WEST" name="testGetAcc_Username" finished-at="2022-10-28T01:18:15 WEST" duration-ms="2" status="PASS">
          <reporter-output>
          </reporter-output>
        </test-method> <!-- testGetAcc_Username -->
      </class> <!-- com.solera.training.test.testAccountRepo -->
    </test> <!-- Default test -->
  </suite> <!-- Default suite -->
</testng-results>
