<?xml version="1.0" encoding="UTF-8"?>
<!-- Generated by org.testng.reporters.JUnitXMLReporter -->
<testsuite ignored="0" hostname="DESKTOP-C3CR4CN" failures="0" tests="8" name="Default test" time="0.073" errors="0" timestamp="2022-10-26T16:39:29 WEST">
  <testcase classname="com.solera.training.test.testData" name="checkList" time="0.011"/>
  <testcase classname="com.solera.training.test.testData" name="checkUserDetails_Fname" time="0.001"/>
  <testcase classname="com.solera.training.test.testData" name="checkUserDetails_Lname" time="0.001"/>
  <testcase classname="com.solera.training.test.testData" name="checkUserDetails_Username" time="0.001"/>
  <testcase classname="com.solera.training.test.testData" name="testLoginFunc" time="0.0"/>
  <testcase classname="com.solera.training.test.testData" name="testLoginFunc_CapCase_Username" time="0.0"/>
  <testcase classname="com.solera.training.test.testData" name="testLoginFunc_CapCase_passwor" time="0.0"/>
  <testcase classname="com.solera.training.test.testData" name="testLoginFunc_Mix" time="0.0"/>
</testsuite> <!-- Default test -->
